<?xml version="1.0" encoding="UTF-8"?>
<testng-results skipped="0" failed="0" ignored="0" total="1" passed="1">
  <reporter-output>
  </reporter-output>
  <suite name="Default suite" duration-ms="29553" started-at="2019-04-27T01:53:38Z" finished-at="2019-04-27T01:54:08Z">
    <groups>
    </groups>
    <test name="Default test" duration-ms="29553" started-at="2019-04-27T01:53:38Z" finished-at="2019-04-27T01:54:08Z">
      <class name="MyFirstMaven.project.NzdToInrConversionTest">
        <test-method status="PASS" signature="beforeTest()[pri:0, instance:MyFirstMaven.project.NzdToInrConversionTest@77caeb3e]" name="beforeTest" is-config="true" duration-ms="3597" started-at="2019-04-27T01:53:38Z" finished-at="2019-04-27T01:53:42Z">
          <reporter-output>
          </reporter-output>
        </test-method> <!-- beforeTest -->
        <test-method status="PASS" signature="calculateNzdToInrConversion()[pri:0, instance:MyFirstMaven.project.NzdToInrConversionTest@77caeb3e]" name="calculateNzdToInrConversion" duration-ms="25717" started-at="2019-04-27T01:53:42Z" finished-at="2019-04-27T01:54:08Z">
          <reporter-output>
          </reporter-output>
        </test-method> <!-- calculateNzdToInrConversion -->
        <test-method status="PASS" signature="afterTest()[pri:0, instance:MyFirstMaven.project.NzdToInrConversionTest@77caeb3e]" name="afterTest" is-config="true" duration-ms="200" started-at="2019-04-27T01:54:08Z" finished-at="2019-04-27T01:54:08Z">
          <reporter-output>
          </reporter-output>
        </test-method> <!-- afterTest -->
      </class> <!-- MyFirstMaven.project.NzdToInrConversionTest -->
    </test> <!-- Default test -->
  </suite> <!-- Default suite -->
</testng-results>
